2
S 0 _ -> line69 0 ^ _ ^
S 1 _ -> line69 1 ^ _ ^
S a _ -> line69 a ^ _ ^
S o _ -> line69 o ^ _ ^
S ( _ -> line69 ( ^ _ ^
S ) _ -> line69 ) ^ _ ^
S _ _ -> line69 _ ^ _ ^
line4 0 _ -> line5 0 ^ _ ^
line4 1 _ -> line5 1 ^ _ ^
line4 a _ -> line5 a ^ _ ^
line4 o _ -> line5 o ^ _ ^
line4 ( _ -> line5 ( ^ _ ^
line4 ) _ -> line5 ) ^ _ ^
line4 _ _ -> line5 _ ^ _ ^
line5 ( _ -> line6 ( ^ _ ^
line5 0 _ -> line10 0 ^ _ ^
line5 1 _ -> line10 1 ^ _ ^
line5 a _ -> line10 a ^ _ ^
line5 o _ -> line10 o ^ _ ^
line5 ) _ -> line10 ) ^ _ ^
line5 _ _ -> line10 _ ^ _ ^
line6 0 _ -> line7 0 > _ ^
line6 1 _ -> line7 1 > _ ^
line6 a _ -> line7 a > _ ^
line6 o _ -> line7 o > _ ^
line6 ( _ -> line7 ( > _ ^
line6 ) _ -> line7 ) > _ ^
line6 _ _ -> line7 _ > _ ^
line7 0 _ -> line4 0 ^ a >
line7 1 _ -> line4 1 ^ a >
line7 a _ -> line4 a ^ a >
line7 o _ -> line4 o ^ a >
line7 ( _ -> line4 ( ^ a >
line7 ) _ -> line4 ) ^ a >
line7 _ _ -> line4 _ ^ a >
line8 0 _ -> line9 0 > _ ^
line8 1 _ -> line9 1 > _ ^
line8 a _ -> line9 a > _ ^
line8 o _ -> line9 o > _ ^
line8 ( _ -> line9 ( > _ ^
line8 ) _ -> line9 ) > _ ^
line8 _ _ -> line9 _ > _ ^
line9 0 _ -> line4 0 ^ _ ^
line9 1 _ -> line4 1 ^ _ ^
line9 a _ -> line4 a ^ _ ^
line9 o _ -> line4 o ^ _ ^
line9 ( _ -> line4 ( ^ _ ^
line9 ) _ -> line4 ) ^ _ ^
line9 _ _ -> line4 _ ^ _ ^
line10 ) _ -> line11 ) ^ _ ^
line10 0 _ -> line12 0 ^ _ ^
line10 1 _ -> line12 1 ^ _ ^
line10 a _ -> line12 a ^ _ ^
line10 o _ -> line12 o ^ _ ^
line10 ( _ -> line12 ( ^ _ ^
line10 _ _ -> line12 _ ^ _ ^
line11 0 _ -> return 0 ^ _ ^
line11 1 _ -> return 1 ^ _ ^
line11 a _ -> return a ^ _ ^
line11 o _ -> return o ^ _ ^
line11 ( _ -> return ( ^ _ ^
line11 ) _ -> return ) ^ _ ^
line11 _ _ -> return _ ^ _ ^
line12 _ _ -> line13 _ ^ _ ^
line12 0 _ -> line14 0 ^ _ ^
line12 1 _ -> line14 1 ^ _ ^
line12 a _ -> line14 a ^ _ ^
line12 o _ -> line14 o ^ _ ^
line12 ( _ -> line14 ( ^ _ ^
line12 ) _ -> line14 ) ^ _ ^
line13 0 _ -> return 0 ^ _ ^
line13 1 _ -> return 1 ^ _ ^
line13 a _ -> return a ^ _ ^
line13 o _ -> return o ^ _ ^
line13 ( _ -> return ( ^ _ ^
line13 ) _ -> return ) ^ _ ^
line13 _ _ -> return _ ^ _ ^
line14 0 _ -> line4 0 > _ ^
line14 1 _ -> line4 1 > _ ^
line14 a _ -> line4 a > _ ^
line14 o _ -> line4 o > _ ^
line14 ( _ -> line4 ( > _ ^
line14 ) _ -> line4 ) > _ ^
line14 _ _ -> line4 _ > _ ^
line24 0 _ -> line25 0 ^ _ ^
line24 1 _ -> line25 1 ^ _ ^
line24 a _ -> line25 a ^ _ ^
line24 o _ -> line25 o ^ _ ^
line24 ( _ -> line25 ( ^ _ ^
line24 ) _ -> line25 ) ^ _ ^
line24 _ _ -> line25 _ ^ _ ^
line25 ( _ -> line26 ( ^ _ ^
line25 0 _ -> line28 0 ^ _ ^
line25 1 _ -> line28 1 ^ _ ^
line25 a _ -> line28 a ^ _ ^
line25 o _ -> line28 o ^ _ ^
line25 ) _ -> line28 ) ^ _ ^
line25 _ _ -> line28 _ ^ _ ^
line26 0 _ -> line27 0 > _ ^
line26 1 _ -> line27 1 > _ ^
line26 a _ -> line27 a > _ ^
line26 o _ -> line27 o > _ ^
line26 ( _ -> line27 ( > _ ^
line26 ) _ -> line27 ) > _ ^
line26 _ _ -> line27 _ > _ ^
line27 0 _ -> line24 0 ^ b >
line27 1 _ -> line24 1 ^ b >
line27 a _ -> line24 a ^ b >
line27 o _ -> line24 o ^ b >
line27 ( _ -> line24 ( ^ b >
line27 ) _ -> line24 ) ^ b >
line27 _ _ -> line24 _ ^ b >
line28 0 _ -> line30 0 > _ ^
line28 1 _ -> line30 1 > _ ^
line28 a _ -> line30 a > _ ^
line28 o _ -> line30 o > _ ^
line28 ( _ -> line30 ( > _ ^
line28 ) _ -> line30 ) > _ ^
line28 _ _ -> line30 _ > _ ^
line30 _ _ -> line31 _ ^ _ ^
line30 0 _ -> line34 0 ^ _ ^
line30 1 _ -> line34 1 ^ _ ^
line30 a _ -> line34 a ^ _ ^
line30 o _ -> line34 o ^ _ ^
line30 ( _ -> line34 ( ^ _ ^
line30 ) _ -> line34 ) ^ _ ^
line31 0 _ -> line32 0 < _ ^
line31 1 _ -> line32 1 < _ ^
line31 a _ -> line32 a < _ ^
line31 o _ -> line32 o < _ ^
line31 ( _ -> line32 ( < _ ^
line31 ) _ -> line32 ) < _ ^
line31 _ _ -> line32 _ < _ ^
line32 0 _ -> return 0 ^ _ ^
line32 1 _ -> return 1 ^ _ ^
line32 a _ -> return a ^ _ ^
line32 o _ -> return o ^ _ ^
line32 ( _ -> return ( ^ _ ^
line32 ) _ -> return ) ^ _ ^
line32 _ _ -> return _ ^ _ ^
line34 ) _ -> line35 ) ^ _ ^
line34 0 _ -> line44 0 ^ _ ^
line34 1 _ -> line44 1 ^ _ ^
line34 a _ -> line44 a ^ _ ^
line34 o _ -> line44 o ^ _ ^
line34 ( _ -> line44 ( ^ _ ^
line34 _ _ -> line44 _ ^ _ ^
line35 0 _ -> line36 0 < _ ^
line35 1 _ -> line36 1 < _ ^
line35 a _ -> line36 a < _ ^
line35 o _ -> line36 o < _ ^
line35 ( _ -> line36 ( < _ ^
line35 ) _ -> line36 ) < _ ^
line35 _ _ -> line36 _ < _ ^
line36 1 _ -> line37 1 ^ _ ^
line36 0 _ -> line40 0 ^ _ ^
line36 a _ -> line40 a ^ _ ^
line36 o _ -> line40 o ^ _ ^
line36 ( _ -> line40 ( ^ _ ^
line36 ) _ -> line40 ) ^ _ ^
line36 _ _ -> line40 _ ^ _ ^
line37 0 _ -> line38 0 > _ ^
line37 1 _ -> line38 1 > _ ^
line37 a _ -> line38 a > _ ^
line37 o _ -> line38 o > _ ^
line37 ( _ -> line38 ( > _ ^
line37 ) _ -> line38 ) > _ ^
line37 _ _ -> line38 _ > _ ^
line38 0 _ -> line42 1 ^ _ ^
line38 1 _ -> line42 1 ^ _ ^
line38 a _ -> line42 1 ^ _ ^
line38 o _ -> line42 1 ^ _ ^
line38 ( _ -> line42 1 ^ _ ^
line38 ) _ -> line42 1 ^ _ ^
line38 _ _ -> line42 1 ^ _ ^
line40 0 _ -> line41 0 > _ ^
line40 1 _ -> line41 1 > _ ^
line40 a _ -> line41 a > _ ^
line40 o _ -> line41 o > _ ^
line40 ( _ -> line41 ( > _ ^
line40 ) _ -> line41 ) > _ ^
line40 _ _ -> line41 _ > _ ^
line41 0 _ -> line42 0 ^ _ ^
line41 1 _ -> line42 0 ^ _ ^
line41 a _ -> line42 0 ^ _ ^
line41 o _ -> line42 0 ^ _ ^
line41 ( _ -> line42 0 ^ _ ^
line41 ) _ -> line42 0 ^ _ ^
line41 _ _ -> line42 0 ^ _ ^
line42 0 _ -> return 0 ^ _ ^
line42 1 _ -> return 1 ^ _ ^
line42 a _ -> return a ^ _ ^
line42 o _ -> return o ^ _ ^
line42 ( _ -> return ( ^ _ ^
line42 ) _ -> return ) ^ _ ^
line42 _ _ -> return _ ^ _ ^
line44 o _ -> line45 o ^ _ ^
line44 0 _ -> line56 0 ^ _ ^
line44 1 _ -> line56 1 ^ _ ^
line44 a _ -> line56 a ^ _ ^
line44 ( _ -> line56 ( ^ _ ^
line44 ) _ -> line56 ) ^ _ ^
line44 _ _ -> line56 _ ^ _ ^
line45 0 _ -> line46 0 < _ ^
line45 1 _ -> line46 1 < _ ^
line45 a _ -> line46 a < _ ^
line45 o _ -> line46 o < _ ^
line45 ( _ -> line46 ( < _ ^
line45 ) _ -> line46 ) < _ ^
line45 _ _ -> line46 _ < _ ^
line46 1 _ -> line47 1 ^ _ ^
line46 0 _ -> line51 0 ^ _ ^
line46 a _ -> line51 a ^ _ ^
line46 o _ -> line51 o ^ _ ^
line46 ( _ -> line51 ( ^ _ ^
line46 ) _ -> line51 ) ^ _ ^
line46 _ _ -> line51 _ ^ _ ^
line47 0 _ -> line4 0 ^ c >
line47 1 _ -> line4 1 ^ c >
line47 a _ -> line4 a ^ c >
line47 o _ -> line4 o ^ c >
line47 ( _ -> line4 ( ^ c >
line47 ) _ -> line4 ) ^ c >
line47 _ _ -> line4 _ ^ c >
line48 0 _ -> line49 1 ^ _ ^
line48 1 _ -> line49 1 ^ _ ^
line48 a _ -> line49 1 ^ _ ^
line48 o _ -> line49 1 ^ _ ^
line48 ( _ -> line49 1 ^ _ ^
line48 ) _ -> line49 1 ^ _ ^
line48 _ _ -> line49 1 ^ _ ^
line49 0 _ -> return 0 ^ _ ^
line49 1 _ -> return 1 ^ _ ^
line49 a _ -> return a ^ _ ^
line49 o _ -> return o ^ _ ^
line49 ( _ -> return ( ^ _ ^
line49 ) _ -> return ) ^ _ ^
line49 _ _ -> return _ ^ _ ^
line51 0 _ -> line52 0 > _ ^
line51 1 _ -> line52 1 > _ ^
line51 a _ -> line52 a > _ ^
line51 o _ -> line52 o > _ ^
line51 ( _ -> line52 ( > _ ^
line51 ) _ -> line52 ) > _ ^
line51 _ _ -> line52 _ > _ ^
line52 0 _ -> line53 0 > _ ^
line52 1 _ -> line53 1 > _ ^
line52 a _ -> line53 a > _ ^
line52 o _ -> line53 o > _ ^
line52 ( _ -> line53 ( > _ ^
line52 ) _ -> line53 ) > _ ^
line52 _ _ -> line53 _ > _ ^
line53 0 _ -> line24 0 ^ _ ^
line53 1 _ -> line24 1 ^ _ ^
line53 a _ -> line24 a ^ _ ^
line53 o _ -> line24 o ^ _ ^
line53 ( _ -> line24 ( ^ _ ^
line53 ) _ -> line24 ) ^ _ ^
line53 _ _ -> line24 _ ^ _ ^
line56 0 _ -> line57 0 < _ ^
line56 1 _ -> line57 1 < _ ^
line56 a _ -> line57 a < _ ^
line56 o _ -> line57 o < _ ^
line56 ( _ -> line57 ( < _ ^
line56 ) _ -> line57 ) < _ ^
line56 _ _ -> line57 _ < _ ^
line57 0 _ -> line58 0 ^ _ ^
line57 1 _ -> line65 1 ^ _ ^
line57 a _ -> line65 a ^ _ ^
line57 o _ -> line65 o ^ _ ^
line57 ( _ -> line65 ( ^ _ ^
line57 ) _ -> line65 ) ^ _ ^
line57 _ _ -> line65 _ ^ _ ^
line58 0 _ -> line59 0 > _ ^
line58 1 _ -> line59 1 > _ ^
line58 a _ -> line59 a > _ ^
line58 o _ -> line59 o > _ ^
line58 ( _ -> line59 ( > _ ^
line58 ) _ -> line59 ) > _ ^
line58 _ _ -> line59 _ > _ ^
line59 0 _ -> line60 0 > _ ^
line59 1 _ -> line60 1 > _ ^
line59 a _ -> line60 a > _ ^
line59 o _ -> line60 o > _ ^
line59 ( _ -> line60 ( > _ ^
line59 ) _ -> line60 ) > _ ^
line59 _ _ -> line60 _ > _ ^
line60 ( _ -> line61 ( ^ _ ^
line60 0 _ -> line63 0 ^ _ ^
line60 1 _ -> line63 1 ^ _ ^
line60 a _ -> line63 a ^ _ ^
line60 o _ -> line63 o ^ _ ^
line60 ) _ -> line63 ) ^ _ ^
line60 _ _ -> line63 _ ^ _ ^
line61 0 _ -> line62 0 > _ ^
line61 1 _ -> line62 1 > _ ^
line61 a _ -> line62 a > _ ^
line61 o _ -> line62 o > _ ^
line61 ( _ -> line62 ( > _ ^
line61 ) _ -> line62 ) > _ ^
line61 _ _ -> line62 _ > _ ^
line62 0 _ -> line24 0 ^ d >
line62 1 _ -> line24 1 ^ d >
line62 a _ -> line24 a ^ d >
line62 o _ -> line24 o ^ d >
line62 ( _ -> line24 ( ^ d >
line62 ) _ -> line24 ) ^ d >
line62 _ _ -> line24 _ ^ d >
line63 0 _ -> line24 0 ^ _ ^
line63 1 _ -> line24 0 ^ _ ^
line63 a _ -> line24 0 ^ _ ^
line63 o _ -> line24 0 ^ _ ^
line63 ( _ -> line24 0 ^ _ ^
line63 ) _ -> line24 0 ^ _ ^
line63 _ _ -> line24 0 ^ _ ^
line65 0 _ -> line66 0 > _ ^
line65 1 _ -> line66 1 > _ ^
line65 a _ -> line66 a > _ ^
line65 o _ -> line66 o > _ ^
line65 ( _ -> line66 ( > _ ^
line65 ) _ -> line66 ) > _ ^
line65 _ _ -> line66 _ > _ ^
line66 0 _ -> line24 0 > _ ^
line66 1 _ -> line24 1 > _ ^
line66 a _ -> line24 a > _ ^
line66 o _ -> line24 o > _ ^
line66 ( _ -> line24 ( > _ ^
line66 ) _ -> line24 ) > _ ^
line66 _ _ -> line24 _ > _ ^
line69 0 _ -> line24 0 ^ e >
line69 1 _ -> line24 1 ^ e >
line69 a _ -> line24 a ^ e >
line69 o _ -> line24 o ^ e >
line69 ( _ -> line24 ( ^ e >
line69 ) _ -> line24 ) ^ e >
line69 _ _ -> line24 _ ^ e >
return 0 _ -> return 0 ^ _ <
return 1 _ -> return 1 ^ _ <
return a _ -> return a ^ _ <
return o _ -> return o ^ _ <
return ( _ -> return ( ^ _ <
return ) _ -> return ) ^ _ <
return _ _ -> return _ ^ _ <
return 0 a -> line8 0 ^ _ ^
return 1 a -> line8 1 ^ _ ^
return a a -> line8 a ^ _ ^
return o a -> line8 o ^ _ ^
return ( a -> line8 ( ^ _ ^
return ) a -> line8 ) ^ _ ^
return _ a -> line8 _ ^ _ ^
return 0 b -> line28 0 ^ _ ^
return 1 b -> line28 1 ^ _ ^
return a b -> line28 a ^ _ ^
return o b -> line28 o ^ _ ^
return ( b -> line28 ( ^ _ ^
return ) b -> line28 ) ^ _ ^
return _ b -> line28 _ ^ _ ^
return 0 c -> line48 0 ^ _ ^
return 1 c -> line48 1 ^ _ ^
return a c -> line48 a ^ _ ^
return o c -> line48 o ^ _ ^
return ( c -> line48 ( ^ _ ^
return ) c -> line48 ) ^ _ ^
return _ c -> line48 _ ^ _ ^
return 0 d -> line63 0 ^ _ ^
return 1 d -> line63 1 ^ _ ^
return a d -> line63 a ^ _ ^
return o d -> line63 o ^ _ ^
return ( d -> line63 ( ^ _ ^
return ) d -> line63 ) ^ _ ^
return _ d -> line63 _ ^ _ ^
return 0 e -> AC 0 ^ _ ^
return 1 e -> AC 1 ^ _ ^
return a e -> AC a ^ _ ^
return o e -> AC o ^ _ ^
return ( e -> AC ( ^ _ ^
return ) e -> AC ) ^ _ ^
return _ e -> AC _ ^ _ ^
